<?xml version="1.0" encoding="UTF-8"?>
<!-- Generated by org.testng.reporters.JUnitReportReporter -->
<testsuite skipped="0" hostname="Suraj" name="com.bestbuy.testing.tests.SignOnPage_Test" tests="1" failures="0" timestamp="29 May 2017 21:31:25 GMT" time="98.989" errors="0">
  <testcase name="test_sigInPage" time="98.989" classname="com.bestbuy.testing.tests.SignOnPage_Test"/>
</testsuite> <!-- com.bestbuy.testing.tests.SignOnPage_Test -->
